Connecting to database specified by database.yml
Connecting to database specified by database.yml
Connecting to database specified by database.yml
Connecting to database specified by database.yml
Connecting to database specified by database.yml
Connecting to database specified by database.yml
Connecting to database specified by database.yml
Connecting to database specified by database.yml
Connecting to database specified by database.yml
Connecting to database specified by database.yml
Connecting to database specified by database.yml
Connecting to database specified by database.yml
Compiled jquery.js  (1ms)  (pid 30007)
Compiled jquery_ujs.js  (0ms)  (pid 30007)
Compiled jquery-ui.js  (30ms)  (pid 30007)
Compiled active_admin/lib/namespace.js  (355ms)  (pid 30007)
Compiled active_admin/components/jquery.aa.checkbox-toggler.js  (243ms)  (pid 30007)
Compiled active_admin/components/jquery.aa.dropdown-menu.js  (245ms)  (pid 30007)
Compiled active_admin/components/jquery.aa.popover.js  (247ms)  (pid 30007)
Compiled active_admin/components/jquery.aa.table-checkbox-toggler.js  (241ms)  (pid 30007)
Compiled active_admin/pages/application.js  (200ms)  (pid 30007)
Compiled active_admin/pages/batch_actions.js  (224ms)  (pid 30007)
Compiled active_admin/application.js  (1867ms)  (pid 30007)
Compiled active_admin/base.js  (1919ms)  (pid 30007)
Compiled active_admin.js  (1928ms)  (pid 30007)
Compiled users.js  (0ms)  (pid 30007)
Compiled application.js  (1954ms)  (pid 30007)
Compiled normalize.css  (0ms)  (pid 30007)
Compiled application.css  (153ms)  (pid 30007)
Compiled jquery.js  (1ms)  (pid 30007)
Compiled jquery_ujs.js  (0ms)  (pid 30007)
Compiled jquery-ui.js  (5ms)  (pid 30007)
Compiled active_admin/lib/namespace.js  (232ms)  (pid 30007)
Compiled active_admin/components/jquery.aa.checkbox-toggler.js  (247ms)  (pid 30007)
Compiled active_admin/components/jquery.aa.dropdown-menu.js  (269ms)  (pid 30007)
Compiled active_admin/components/jquery.aa.popover.js  (252ms)  (pid 30007)
Compiled active_admin/components/jquery.aa.table-checkbox-toggler.js  (227ms)  (pid 30007)
Compiled active_admin/pages/application.js  (202ms)  (pid 30007)
Compiled active_admin/pages/batch_actions.js  (218ms)  (pid 30007)
Compiled active_admin/application.js  (1738ms)  (pid 30007)
Compiled active_admin/base.js  (1761ms)  (pid 30007)
Compiled active_admin.js  (1770ms)  (pid 30007)
Compiled users.js  (0ms)  (pid 30007)
Compiled application.js  (1818ms)  (pid 30007)
Compiled normalize.css  (0ms)  (pid 30007)
Compiled application.css  (151ms)  (pid 30007)
Compiled jquery.js  (1ms)  (pid 45770)
Compiled jquery_ujs.js  (0ms)  (pid 45770)
Compiled jquery-ui.js  (23ms)  (pid 45770)
Compiled active_admin/lib/namespace.js  (385ms)  (pid 45770)
Compiled active_admin/components/jquery.aa.checkbox-toggler.js  (256ms)  (pid 45770)
Compiled active_admin/components/jquery.aa.dropdown-menu.js  (246ms)  (pid 45770)
Compiled active_admin/components/jquery.aa.popover.js  (244ms)  (pid 45770)
Compiled active_admin/components/jquery.aa.table-checkbox-toggler.js  (229ms)  (pid 45770)
Compiled active_admin/pages/application.js  (205ms)  (pid 45770)
Compiled active_admin/pages/batch_actions.js  (217ms)  (pid 45770)
Compiled active_admin/application.js  (1892ms)  (pid 45770)
Compiled active_admin/base.js  (1932ms)  (pid 45770)
Compiled active_admin.js  (1940ms)  (pid 45770)
Compiled users.js  (0ms)  (pid 45770)
Compiled application.js  (1967ms)  (pid 45770)
Compiled normalize.css  (0ms)  (pid 45770)
Compiled application.css  (158ms)  (pid 45770)
Compiled jquery.js  (1ms)  (pid 45770)
Compiled jquery_ujs.js  (0ms)  (pid 45770)
Compiled jquery-ui.js  (6ms)  (pid 45770)
Compiled active_admin/lib/namespace.js  (231ms)  (pid 45770)
Compiled active_admin/components/jquery.aa.checkbox-toggler.js  (247ms)  (pid 45770)
Compiled active_admin/components/jquery.aa.dropdown-menu.js  (257ms)  (pid 45770)
Compiled active_admin/components/jquery.aa.popover.js  (252ms)  (pid 45770)
Compiled active_admin/components/jquery.aa.table-checkbox-toggler.js  (233ms)  (pid 45770)
Compiled active_admin/pages/application.js  (213ms)  (pid 45770)
Compiled active_admin/pages/batch_actions.js  (229ms)  (pid 45770)
Compiled active_admin/application.js  (1750ms)  (pid 45770)
Compiled active_admin/base.js  (1776ms)  (pid 45770)
Compiled active_admin.js  (1785ms)  (pid 45770)
Compiled users.js  (0ms)  (pid 45770)
Compiled application.js  (1832ms)  (pid 45770)
Compiled normalize.css  (0ms)  (pid 45770)
Compiled application.css  (134ms)  (pid 45770)
